<!DOCTYPE html>
<html>
<head>
<meta http-equiv="Content-Type" content="text/html; charset=utf-8"/>
<meta http-equiv="x-ua-compatible" content="IE=edge"/>
<title>Test results - ContactRestControllerTest</title>
<link href="../css/base-style.css" rel="stylesheet" type="text/css"/>
<link href="../css/style.css" rel="stylesheet" type="text/css"/>
<script src="../js/report.js" type="text/javascript"></script>
</head>
<body>
<div id="content">
<h1>ContactRestControllerTest</h1>
<div class="breadcrumbs">
<a href="../index.html">all</a> &gt; 
<a href="../packages/atc.chassis.api.controller.html">atc.chassis.api.controller</a> &gt; ContactRestControllerTest</div>
<div id="summary">
<table>
<tr>
<td>
<div class="summaryGroup">
<table>
<tr>
<td>
<div class="infoBox" id="tests">
<div class="counter">2</div>
<p>tests</p>
</div>
</td>
<td>
<div class="infoBox" id="failures">
<div class="counter">2</div>
<p>failures</p>
</div>
</td>
<td>
<div class="infoBox" id="ignored">
<div class="counter">0</div>
<p>ignored</p>
</div>
</td>
<td>
<div class="infoBox" id="duration">
<div class="counter">0.532s</div>
<p>duration</p>
</div>
</td>
</tr>
</table>
</div>
</td>
<td>
<div class="infoBox failures" id="successRate">
<div class="percent">0%</div>
<p>successful</p>
</div>
</td>
</tr>
</table>
</div>
<div id="tabs">
<ul class="tabLinks">
<li>
<a href="#tab0">Failed tests</a>
</li>
<li>
<a href="#tab1">Tests</a>
</li>
<li>
<a href="#tab2">Standard output</a>
</li>
</ul>
<div id="tab0" class="tab">
<h2>Failed tests</h2>
<div class="test">
<a name="Test GET Contacts()"></a>
<h3 class="failures">Test GET Contacts()</h3>
<span class="code">
<pre>java.lang.AssertionError: Status expected:&lt;200&gt; but was:&lt;401&gt;
	at org.springframework.test.util.AssertionErrors.fail(AssertionErrors.java:55)
	at org.springframework.test.util.AssertionErrors.assertEquals(AssertionErrors.java:82)
	at org.springframework.test.web.servlet.result.StatusResultMatchers.lambda$matcher$9(StatusResultMatchers.java:619)
	at org.springframework.test.web.servlet.MockMvc$1.andExpect(MockMvc.java:195)
	at atc.chassis.api.controller.ContactRestControllerTest.Test GET Contacts(ContactRestControllerTest.kt:39)
	at sun.reflect.NativeMethodAccessorImpl.invoke0(Native Method)
	at sun.reflect.NativeMethodAccessorImpl.invoke(NativeMethodAccessorImpl.java:62)
	at sun.reflect.DelegatingMethodAccessorImpl.invoke(DelegatingMethodAccessorImpl.java:43)
	at java.lang.reflect.Method.invoke(Method.java:498)
	at org.junit.platform.commons.util.ReflectionUtils.invokeMethod(ReflectionUtils.java:532)
	at org.junit.jupiter.engine.execution.ExecutableInvoker.invoke(ExecutableInvoker.java:115)
	at org.junit.jupiter.engine.descriptor.TestMethodTestDescriptor.lambda$invokeTestMethod$6(TestMethodTestDescriptor.java:171)
	at org.junit.platform.engine.support.hierarchical.ThrowableCollector.execute(ThrowableCollector.java:72)
	at org.junit.jupiter.engine.descriptor.TestMethodTestDescriptor.invokeTestMethod(TestMethodTestDescriptor.java:167)
	at org.junit.jupiter.engine.descriptor.TestMethodTestDescriptor.execute(TestMethodTestDescriptor.java:114)
	at org.junit.jupiter.engine.descriptor.TestMethodTestDescriptor.execute(TestMethodTestDescriptor.java:59)
	at org.junit.platform.engine.support.hierarchical.NodeTestTask.lambda$executeRecursively$4(NodeTestTask.java:108)
	at org.junit.platform.engine.support.hierarchical.ThrowableCollector.execute(ThrowableCollector.java:72)
	at org.junit.platform.engine.support.hierarchical.NodeTestTask.executeRecursively(NodeTestTask.java:98)
	at org.junit.platform.engine.support.hierarchical.NodeTestTask.execute(NodeTestTask.java:74)
	at java.util.ArrayList.forEach(ArrayList.java:1257)
	at org.junit.platform.engine.support.hierarchical.SameThreadHierarchicalTestExecutorService.invokeAll(SameThreadHierarchicalTestExecutorService.java:38)
	at org.junit.platform.engine.support.hierarchical.NodeTestTask.lambda$executeRecursively$4(NodeTestTask.java:112)
	at org.junit.platform.engine.support.hierarchical.ThrowableCollector.execute(ThrowableCollector.java:72)
	at org.junit.platform.engine.support.hierarchical.NodeTestTask.executeRecursively(NodeTestTask.java:98)
	at org.junit.platform.engine.support.hierarchical.NodeTestTask.execute(NodeTestTask.java:74)
	at java.util.ArrayList.forEach(ArrayList.java:1257)
	at org.junit.platform.engine.support.hierarchical.SameThreadHierarchicalTestExecutorService.invokeAll(SameThreadHierarchicalTestExecutorService.java:38)
	at org.junit.platform.engine.support.hierarchical.NodeTestTask.lambda$executeRecursively$4(NodeTestTask.java:112)
	at org.junit.platform.engine.support.hierarchical.ThrowableCollector.execute(ThrowableCollector.java:72)
	at org.junit.platform.engine.support.hierarchical.NodeTestTask.executeRecursively(NodeTestTask.java:98)
	at org.junit.platform.engine.support.hierarchical.NodeTestTask.execute(NodeTestTask.java:74)
	at org.junit.platform.engine.support.hierarchical.SameThreadHierarchicalTestExecutorService.submit(SameThreadHierarchicalTestExecutorService.java:32)
	at org.junit.platform.engine.support.hierarchical.HierarchicalTestExecutor.execute(HierarchicalTestExecutor.java:57)
	at org.junit.platform.engine.support.hierarchical.HierarchicalTestEngine.execute(HierarchicalTestEngine.java:51)
	at org.junit.platform.launcher.core.DefaultLauncher.execute(DefaultLauncher.java:220)
	at org.junit.platform.launcher.core.DefaultLauncher.lambda$execute$6(DefaultLauncher.java:188)
	at org.junit.platform.launcher.core.DefaultLauncher.withInterceptedStreams(DefaultLauncher.java:202)
	at org.junit.platform.launcher.core.DefaultLauncher.execute(DefaultLauncher.java:181)
	at org.junit.platform.launcher.core.DefaultLauncher.execute(DefaultLauncher.java:128)
	at org.gradle.api.internal.tasks.testing.junitplatform.JUnitPlatformTestClassProcessor$CollectAllTestClassesExecutor.processAllTestClasses(JUnitPlatformTestClassProcessor.java:102)
	at org.gradle.api.internal.tasks.testing.junitplatform.JUnitPlatformTestClassProcessor$CollectAllTestClassesExecutor.access$000(JUnitPlatformTestClassProcessor.java:82)
	at org.gradle.api.internal.tasks.testing.junitplatform.JUnitPlatformTestClassProcessor.stop(JUnitPlatformTestClassProcessor.java:78)
	at org.gradle.api.internal.tasks.testing.SuiteTestClassProcessor.stop(SuiteTestClassProcessor.java:61)
	at sun.reflect.NativeMethodAccessorImpl.invoke0(Native Method)
	at sun.reflect.NativeMethodAccessorImpl.invoke(NativeMethodAccessorImpl.java:62)
	at sun.reflect.DelegatingMethodAccessorImpl.invoke(DelegatingMethodAccessorImpl.java:43)
	at java.lang.reflect.Method.invoke(Method.java:498)
	at org.gradle.internal.dispatch.ReflectionDispatch.dispatch(ReflectionDispatch.java:35)
	at org.gradle.internal.dispatch.ReflectionDispatch.dispatch(ReflectionDispatch.java:24)
	at org.gradle.internal.dispatch.ContextClassLoaderDispatch.dispatch(ContextClassLoaderDispatch.java:32)
	at org.gradle.internal.dispatch.ProxyDispatchAdapter$DispatchingInvocationHandler.invoke(ProxyDispatchAdapter.java:93)
	at com.sun.proxy.$Proxy2.stop(Unknown Source)
	at org.gradle.api.internal.tasks.testing.worker.TestWorker.stop(TestWorker.java:132)
	at sun.reflect.NativeMethodAccessorImpl.invoke0(Native Method)
	at sun.reflect.NativeMethodAccessorImpl.invoke(NativeMethodAccessorImpl.java:62)
	at sun.reflect.DelegatingMethodAccessorImpl.invoke(DelegatingMethodAccessorImpl.java:43)
	at java.lang.reflect.Method.invoke(Method.java:498)
	at org.gradle.internal.dispatch.ReflectionDispatch.dispatch(ReflectionDispatch.java:35)
	at org.gradle.internal.dispatch.ReflectionDispatch.dispatch(ReflectionDispatch.java:24)
	at org.gradle.internal.remote.internal.hub.MessageHubBackedObjectConnection$DispatchWrapper.dispatch(MessageHubBackedObjectConnection.java:175)
	at org.gradle.internal.remote.internal.hub.MessageHubBackedObjectConnection$DispatchWrapper.dispatch(MessageHubBackedObjectConnection.java:157)
	at org.gradle.internal.remote.internal.hub.MessageHub$Handler.run(MessageHub.java:404)
	at org.gradle.internal.concurrent.ExecutorPolicy$CatchAndRecordFailures.onExecute(ExecutorPolicy.java:63)
	at org.gradle.internal.concurrent.ManagedExecutorImpl$1.run(ManagedExecutorImpl.java:46)
	at java.util.concurrent.ThreadPoolExecutor.runWorker(ThreadPoolExecutor.java:1149)
	at java.util.concurrent.ThreadPoolExecutor$Worker.run(ThreadPoolExecutor.java:624)
	at org.gradle.internal.concurrent.ThreadFactoryImpl$ManagedThreadRunnable.run(ThreadFactoryImpl.java:55)
	at java.lang.Thread.run(Thread.java:748)
</pre>
</span>
</div>
<div class="test">
<a name="Test POST Contact()"></a>
<h3 class="failures">Test POST Contact()</h3>
<span class="code">
<pre>java.lang.AssertionError: Status expected:&lt;201&gt; but was:&lt;403&gt;
	at org.springframework.test.util.AssertionErrors.fail(AssertionErrors.java:55)
	at org.springframework.test.util.AssertionErrors.assertEquals(AssertionErrors.java:82)
	at org.springframework.test.web.servlet.result.StatusResultMatchers.lambda$matcher$9(StatusResultMatchers.java:619)
	at org.springframework.test.web.servlet.MockMvc$1.andExpect(MockMvc.java:195)
	at atc.chassis.api.controller.ContactRestControllerTest.Test POST Contact(ContactRestControllerTest.kt:67)
	at sun.reflect.NativeMethodAccessorImpl.invoke0(Native Method)
	at sun.reflect.NativeMethodAccessorImpl.invoke(NativeMethodAccessorImpl.java:62)
	at sun.reflect.DelegatingMethodAccessorImpl.invoke(DelegatingMethodAccessorImpl.java:43)
	at java.lang.reflect.Method.invoke(Method.java:498)
	at org.junit.platform.commons.util.ReflectionUtils.invokeMethod(ReflectionUtils.java:532)
	at org.junit.jupiter.engine.execution.ExecutableInvoker.invoke(ExecutableInvoker.java:115)
	at org.junit.jupiter.engine.descriptor.TestMethodTestDescriptor.lambda$invokeTestMethod$6(TestMethodTestDescriptor.java:171)
	at org.junit.platform.engine.support.hierarchical.ThrowableCollector.execute(ThrowableCollector.java:72)
	at org.junit.jupiter.engine.descriptor.TestMethodTestDescriptor.invokeTestMethod(TestMethodTestDescriptor.java:167)
	at org.junit.jupiter.engine.descriptor.TestMethodTestDescriptor.execute(TestMethodTestDescriptor.java:114)
	at org.junit.jupiter.engine.descriptor.TestMethodTestDescriptor.execute(TestMethodTestDescriptor.java:59)
	at org.junit.platform.engine.support.hierarchical.NodeTestTask.lambda$executeRecursively$4(NodeTestTask.java:108)
	at org.junit.platform.engine.support.hierarchical.ThrowableCollector.execute(ThrowableCollector.java:72)
	at org.junit.platform.engine.support.hierarchical.NodeTestTask.executeRecursively(NodeTestTask.java:98)
	at org.junit.platform.engine.support.hierarchical.NodeTestTask.execute(NodeTestTask.java:74)
	at java.util.ArrayList.forEach(ArrayList.java:1257)
	at org.junit.platform.engine.support.hierarchical.SameThreadHierarchicalTestExecutorService.invokeAll(SameThreadHierarchicalTestExecutorService.java:38)
	at org.junit.platform.engine.support.hierarchical.NodeTestTask.lambda$executeRecursively$4(NodeTestTask.java:112)
	at org.junit.platform.engine.support.hierarchical.ThrowableCollector.execute(ThrowableCollector.java:72)
	at org.junit.platform.engine.support.hierarchical.NodeTestTask.executeRecursively(NodeTestTask.java:98)
	at org.junit.platform.engine.support.hierarchical.NodeTestTask.execute(NodeTestTask.java:74)
	at java.util.ArrayList.forEach(ArrayList.java:1257)
	at org.junit.platform.engine.support.hierarchical.SameThreadHierarchicalTestExecutorService.invokeAll(SameThreadHierarchicalTestExecutorService.java:38)
	at org.junit.platform.engine.support.hierarchical.NodeTestTask.lambda$executeRecursively$4(NodeTestTask.java:112)
	at org.junit.platform.engine.support.hierarchical.ThrowableCollector.execute(ThrowableCollector.java:72)
	at org.junit.platform.engine.support.hierarchical.NodeTestTask.executeRecursively(NodeTestTask.java:98)
	at org.junit.platform.engine.support.hierarchical.NodeTestTask.execute(NodeTestTask.java:74)
	at org.junit.platform.engine.support.hierarchical.SameThreadHierarchicalTestExecutorService.submit(SameThreadHierarchicalTestExecutorService.java:32)
	at org.junit.platform.engine.support.hierarchical.HierarchicalTestExecutor.execute(HierarchicalTestExecutor.java:57)
	at org.junit.platform.engine.support.hierarchical.HierarchicalTestEngine.execute(HierarchicalTestEngine.java:51)
	at org.junit.platform.launcher.core.DefaultLauncher.execute(DefaultLauncher.java:220)
	at org.junit.platform.launcher.core.DefaultLauncher.lambda$execute$6(DefaultLauncher.java:188)
	at org.junit.platform.launcher.core.DefaultLauncher.withInterceptedStreams(DefaultLauncher.java:202)
	at org.junit.platform.launcher.core.DefaultLauncher.execute(DefaultLauncher.java:181)
	at org.junit.platform.launcher.core.DefaultLauncher.execute(DefaultLauncher.java:128)
	at org.gradle.api.internal.tasks.testing.junitplatform.JUnitPlatformTestClassProcessor$CollectAllTestClassesExecutor.processAllTestClasses(JUnitPlatformTestClassProcessor.java:102)
	at org.gradle.api.internal.tasks.testing.junitplatform.JUnitPlatformTestClassProcessor$CollectAllTestClassesExecutor.access$000(JUnitPlatformTestClassProcessor.java:82)
	at org.gradle.api.internal.tasks.testing.junitplatform.JUnitPlatformTestClassProcessor.stop(JUnitPlatformTestClassProcessor.java:78)
	at org.gradle.api.internal.tasks.testing.SuiteTestClassProcessor.stop(SuiteTestClassProcessor.java:61)
	at sun.reflect.NativeMethodAccessorImpl.invoke0(Native Method)
	at sun.reflect.NativeMethodAccessorImpl.invoke(NativeMethodAccessorImpl.java:62)
	at sun.reflect.DelegatingMethodAccessorImpl.invoke(DelegatingMethodAccessorImpl.java:43)
	at java.lang.reflect.Method.invoke(Method.java:498)
	at org.gradle.internal.dispatch.ReflectionDispatch.dispatch(ReflectionDispatch.java:35)
	at org.gradle.internal.dispatch.ReflectionDispatch.dispatch(ReflectionDispatch.java:24)
	at org.gradle.internal.dispatch.ContextClassLoaderDispatch.dispatch(ContextClassLoaderDispatch.java:32)
	at org.gradle.internal.dispatch.ProxyDispatchAdapter$DispatchingInvocationHandler.invoke(ProxyDispatchAdapter.java:93)
	at com.sun.proxy.$Proxy2.stop(Unknown Source)
	at org.gradle.api.internal.tasks.testing.worker.TestWorker.stop(TestWorker.java:132)
	at sun.reflect.NativeMethodAccessorImpl.invoke0(Native Method)
	at sun.reflect.NativeMethodAccessorImpl.invoke(NativeMethodAccessorImpl.java:62)
	at sun.reflect.DelegatingMethodAccessorImpl.invoke(DelegatingMethodAccessorImpl.java:43)
	at java.lang.reflect.Method.invoke(Method.java:498)
	at org.gradle.internal.dispatch.ReflectionDispatch.dispatch(ReflectionDispatch.java:35)
	at org.gradle.internal.dispatch.ReflectionDispatch.dispatch(ReflectionDispatch.java:24)
	at org.gradle.internal.remote.internal.hub.MessageHubBackedObjectConnection$DispatchWrapper.dispatch(MessageHubBackedObjectConnection.java:175)
	at org.gradle.internal.remote.internal.hub.MessageHubBackedObjectConnection$DispatchWrapper.dispatch(MessageHubBackedObjectConnection.java:157)
	at org.gradle.internal.remote.internal.hub.MessageHub$Handler.run(MessageHub.java:404)
	at org.gradle.internal.concurrent.ExecutorPolicy$CatchAndRecordFailures.onExecute(ExecutorPolicy.java:63)
	at org.gradle.internal.concurrent.ManagedExecutorImpl$1.run(ManagedExecutorImpl.java:46)
	at java.util.concurrent.ThreadPoolExecutor.runWorker(ThreadPoolExecutor.java:1149)
	at java.util.concurrent.ThreadPoolExecutor$Worker.run(ThreadPoolExecutor.java:624)
	at org.gradle.internal.concurrent.ThreadFactoryImpl$ManagedThreadRunnable.run(ThreadFactoryImpl.java:55)
	at java.lang.Thread.run(Thread.java:748)
</pre>
</span>
</div>
</div>
<div id="tab1" class="tab">
<h2>Tests</h2>
<table>
<thead>
<tr>
<th>Test</th>
<th>Duration</th>
<th>Result</th>
</tr>
</thead>
<tr>
<td class="failures">Test GET Contacts()</td>
<td class="failures">0.178s</td>
<td class="failures">failed</td>
</tr>
<tr>
<td class="failures">Test POST Contact()</td>
<td class="failures">0.354s</td>
<td class="failures">failed</td>
</tr>
</table>
</div>
<div id="tab2" class="tab">
<h2>Standard output</h2>
<span class="code">
<pre>2019-06-24 09:06:51.148  INFO 40284 --- [    Test worker] .b.t.a.w.s.WebMvcTestContextBootstrapper : Neither @ContextConfiguration nor @ContextHierarchy found for test class [atc.chassis.api.controller.ContactRestControllerTest], using SpringBootContextLoader
2019-06-24 09:06:51.149  INFO 40284 --- [    Test worker] o.s.t.c.support.AbstractContextLoader    : Could not detect default resource locations for test class [atc.chassis.api.controller.ContactRestControllerTest]: no resource found for suffixes {-context.xml, Context.groovy}.
2019-06-24 09:06:51.149  INFO 40284 --- [    Test worker] t.c.s.AnnotationConfigContextLoaderUtils : Could not detect default configuration classes for test class [atc.chassis.api.controller.ContactRestControllerTest]: ContactRestControllerTest does not declare any static, non-private, non-final, nested classes annotated with @Configuration.
2019-06-24 09:06:51.172  INFO 40284 --- [    Test worker] .b.t.c.SpringBootTestContextBootstrapper : Found @SpringBootConfiguration atc.chassis.Application for test class atc.chassis.api.controller.ContactRestControllerTest
2019-06-24 09:06:51.172  INFO 40284 --- [    Test worker] .b.t.a.w.s.WebMvcTestContextBootstrapper : Loaded default TestExecutionListener class names from location [META-INF/spring.factories]: [com.ninjasquad.springmockk.MockkTestExecutionListener, com.ninjasquad.springmockk.ClearMocksTestExecutionListener, org.springframework.boot.test.autoconfigure.restdocs.RestDocsTestExecutionListener, org.springframework.boot.test.autoconfigure.web.client.MockRestServiceServerResetTestExecutionListener, org.springframework.boot.test.autoconfigure.web.servlet.MockMvcPrintOnlyOnFailureTestExecutionListener, org.springframework.boot.test.autoconfigure.web.servlet.WebDriverTestExecutionListener, org.springframework.boot.test.mock.mockito.MockitoTestExecutionListener, org.springframework.boot.test.mock.mockito.ResetMocksTestExecutionListener, org.springframework.test.context.web.ServletTestExecutionListener, org.springframework.test.context.support.DirtiesContextBeforeModesTestExecutionListener, org.springframework.test.context.support.DependencyInjectionTestExecutionListener, org.springframework.test.context.support.DirtiesContextTestExecutionListener, org.springframework.test.context.transaction.TransactionalTestExecutionListener, org.springframework.test.context.jdbc.SqlScriptsTestExecutionListener]
2019-06-24 09:06:51.174  INFO 40284 --- [    Test worker] .b.t.a.w.s.WebMvcTestContextBootstrapper : Using TestExecutionListeners: [org.springframework.test.context.web.ServletTestExecutionListener@4d5fe7ed, org.springframework.test.context.support.DirtiesContextBeforeModesTestExecutionListener@5c1fac63, com.ninjasquad.springmockk.MockkTestExecutionListener@1fe787da, org.springframework.boot.test.mock.mockito.MockitoTestExecutionListener@53b1e840, org.springframework.boot.test.autoconfigure.SpringBootDependencyInjectionTestExecutionListener@61630d54, org.springframework.test.context.support.DirtiesContextTestExecutionListener@40bed9af, org.springframework.test.context.transaction.TransactionalTestExecutionListener@63445f35, org.springframework.test.context.jdbc.SqlScriptsTestExecutionListener@3f6b48f5, com.ninjasquad.springmockk.ClearMocksTestExecutionListener@469bfbe1, org.springframework.boot.test.autoconfigure.restdocs.RestDocsTestExecutionListener@705e213c, org.springframework.boot.test.autoconfigure.web.client.MockRestServiceServerResetTestExecutionListener@31a275f5, org.springframework.boot.test.autoconfigure.web.servlet.MockMvcPrintOnlyOnFailureTestExecutionListener@546bafd4, org.springframework.boot.test.autoconfigure.web.servlet.WebDriverTestExecutionListener@4db6124b, org.springframework.boot.test.mock.mockito.ResetMocksTestExecutionListener@4ce09d00]

  .   ____          _            __ _ _
 /\\ / ___'_ __ _ _(_)_ __  __ _ \ \ \ \
( ( )\___ | '_ | '_| | '_ \/ _` | \ \ \ \
 \\/  ___)| |_)| | | | | || (_| |  ) ) ) )
  '  |____| .__|_| |_|_| |_\__, | / / / /
 =========|_|==============|___/=/_/_/_/
 :: Spring Boot ::        (v2.1.4.RELEASE)

2019-06-24 09:07:06.214  INFO 40284 --- [    Test worker] a.c.a.c.ContactRestControllerTest        : Starting ContactRestControllerTest on Darryls-MacBook-Pro.local with PID 40284 (started by danderson in /Users/danderson/Projects/darrylanderson/microservice-chassis-kotlin)
2019-06-24 09:07:06.214  INFO 40284 --- [    Test worker] a.c.a.c.ContactRestControllerTest        : The following profiles are active: test
2019-06-24 09:07:12.233  INFO 40284 --- [    Test worker] o.s.s.concurrent.ThreadPoolTaskExecutor  : Initializing ExecutorService 'applicationTaskExecutor'
2019-06-24 09:07:12.440 DEBUG 40284 --- [    Test worker] eGlobalAuthenticationAutowiredConfigurer : Eagerly initializing {org.springframework.boot.autoconfigure.security.servlet.WebSecurityEnablerConfiguration=org.springframework.boot.autoconfigure.security.servlet.WebSecurityEnablerConfiguration$$EnhancerBySpringCGLIB$$24fdf418@1d200e3e}
2019-06-24 09:07:12.446  INFO 40284 --- [    Test worker] .s.s.UserDetailsServiceAutoConfiguration : 

Using generated security password: 48df42e9-f264-474d-a55f-aa753b8dd6ac

2019-06-24 09:07:12.452 DEBUG 40284 --- [    Test worker] s.s.c.a.w.c.WebSecurityConfigurerAdapter : Using default configure(HttpSecurity). If subclassed this will potentially override subclass configure(HttpSecurity).
2019-06-24 09:07:12.505 DEBUG 40284 --- [    Test worker] edFilterInvocationSecurityMetadataSource : Adding web access control expression 'authenticated', for any request
2019-06-24 09:07:12.508 DEBUG 40284 --- [    Test worker] o.s.s.w.a.i.FilterSecurityInterceptor    : Validated configuration attributes
2019-06-24 09:07:12.509 DEBUG 40284 --- [    Test worker] o.s.s.w.a.i.FilterSecurityInterceptor    : Validated configuration attributes
2019-06-24 09:07:12.522  INFO 40284 --- [    Test worker] o.s.s.web.DefaultSecurityFilterChain     : Creating filter chain: any request, [org.springframework.security.web.context.request.async.WebAsyncManagerIntegrationFilter@264c317b, org.springframework.security.web.context.SecurityContextPersistenceFilter@36283f92, org.springframework.security.web.header.HeaderWriterFilter@3075257a, org.springframework.security.web.csrf.CsrfFilter@3aded8d9, org.springframework.security.web.authentication.logout.LogoutFilter@5f06b349, org.springframework.security.web.authentication.UsernamePasswordAuthenticationFilter@1825f9b4, org.springframework.security.web.authentication.ui.DefaultLoginPageGeneratingFilter@4526aaaa, org.springframework.security.web.authentication.ui.DefaultLogoutPageGeneratingFilter@1193845f, org.springframework.security.web.authentication.www.BasicAuthenticationFilter@67d707b6, org.springframework.security.web.savedrequest.RequestCacheAwareFilter@30655bfc, org.springframework.security.web.servletapi.SecurityContextHolderAwareRequestFilter@29a2e67f, org.springframework.security.web.authentication.AnonymousAuthenticationFilter@72167e6f, org.springframework.security.web.session.SessionManagementFilter@7a7c3814, org.springframework.security.web.access.ExceptionTranslationFilter@1b03b902, org.springframework.security.web.access.intercept.FilterSecurityInterceptor@413acd1d]
2019-06-24 09:07:12.542  INFO 40284 --- [    Test worker] o.s.b.t.m.w.SpringBootMockServletContext : Initializing Spring TestDispatcherServlet ''
2019-06-24 09:07:12.543  INFO 40284 --- [    Test worker] o.s.t.web.servlet.TestDispatcherServlet  : Initializing Servlet ''
2019-06-24 09:07:12.563  INFO 40284 --- [    Test worker] o.s.t.web.servlet.TestDispatcherServlet  : Completed initialization in 20 ms
2019-06-24 09:07:12.592  INFO 40284 --- [    Test worker] a.c.a.c.ContactRestControllerTest        : Started ContactRestControllerTest in 21.414 seconds (JVM running for 47.494)
2019-06-24 09:07:12.946 DEBUG 40284 --- [    Test worker] o.s.security.web.FilterChainProxy        : /contacts at position 1 of 15 in additional filter chain; firing Filter: 'WebAsyncManagerIntegrationFilter'
2019-06-24 09:07:12.948 DEBUG 40284 --- [    Test worker] o.s.security.web.FilterChainProxy        : /contacts at position 2 of 15 in additional filter chain; firing Filter: 'SecurityContextPersistenceFilter'
2019-06-24 09:07:12.949 DEBUG 40284 --- [    Test worker] w.c.HttpSessionSecurityContextRepository : No HttpSession currently exists
2019-06-24 09:07:12.949 DEBUG 40284 --- [    Test worker] w.c.HttpSessionSecurityContextRepository : No SecurityContext was available from the HttpSession: null. A new one will be created.
2019-06-24 09:07:12.951 DEBUG 40284 --- [    Test worker] o.s.security.web.FilterChainProxy        : /contacts at position 3 of 15 in additional filter chain; firing Filter: 'HeaderWriterFilter'
2019-06-24 09:07:12.953 DEBUG 40284 --- [    Test worker] o.s.security.web.FilterChainProxy        : /contacts at position 4 of 15 in additional filter chain; firing Filter: 'CsrfFilter'
2019-06-24 09:07:12.956 DEBUG 40284 --- [    Test worker] o.s.security.web.csrf.CsrfFilter         : Invalid CSRF token found for http://localhost/contacts
2019-06-24 09:07:12.957 DEBUG 40284 --- [    Test worker] o.s.s.w.header.writers.HstsHeaderWriter  : Not injecting HSTS header since it did not match the requestMatcher org.springframework.security.web.header.writers.HstsHeaderWriter$SecureRequestMatcher@155c6618
2019-06-24 09:07:12.957 DEBUG 40284 --- [    Test worker] w.c.HttpSessionSecurityContextRepository : SecurityContext is empty or contents are anonymous - context will not be stored in HttpSession.
2019-06-24 09:07:12.959 DEBUG 40284 --- [    Test worker] s.s.w.c.SecurityContextPersistenceFilter : SecurityContextHolder now cleared, as request processing completed

MockHttpServletRequest:
      HTTP Method = POST
      Request URI = /contacts
       Parameters = {}
          Headers = [Content-Type:&quot;application/json;charset=UTF-8&quot;, Accept:&quot;application/json;charset=UTF-8&quot;]
             Body = {&quot;id&quot;:null,&quot;name&quot;:&quot;testcontact1&quot;,&quot;email&quot;:&quot;testcontact1@email.com&quot;,&quot;phone&quot;:&quot;555-555-5555&quot;,&quot;createdDate&quot;:null,&quot;lastModifiedDate&quot;:null}
    Session Attrs = {org.springframework.security.web.csrf.HttpSessionCsrfTokenRepository.CSRF_TOKEN=org.springframework.security.web.csrf.DefaultCsrfToken@2d34954b}

Handler:
             Type = null

Async:
    Async started = false
     Async result = null

Resolved Exception:
             Type = null

ModelAndView:
        View name = null
             View = null
            Model = null

FlashMap:
       Attributes = null

MockHttpServletResponse:
           Status = 403
    Error message = Forbidden
          Headers = [X-Content-Type-Options:&quot;nosniff&quot;, X-XSS-Protection:&quot;1; mode=block&quot;, Cache-Control:&quot;no-cache, no-store, max-age=0, must-revalidate&quot;, Pragma:&quot;no-cache&quot;, Expires:&quot;0&quot;, X-Frame-Options:&quot;DENY&quot;]
     Content type = null
             Body = 
    Forwarded URL = null
   Redirected URL = null
          Cookies = []
2019-06-24 09:07:13.125 DEBUG 40284 --- [    Test worker] o.s.security.web.FilterChainProxy        : /contacts at position 1 of 15 in additional filter chain; firing Filter: 'WebAsyncManagerIntegrationFilter'
2019-06-24 09:07:13.125 DEBUG 40284 --- [    Test worker] o.s.security.web.FilterChainProxy        : /contacts at position 2 of 15 in additional filter chain; firing Filter: 'SecurityContextPersistenceFilter'
2019-06-24 09:07:13.125 DEBUG 40284 --- [    Test worker] w.c.HttpSessionSecurityContextRepository : No HttpSession currently exists
2019-06-24 09:07:13.125 DEBUG 40284 --- [    Test worker] w.c.HttpSessionSecurityContextRepository : No SecurityContext was available from the HttpSession: null. A new one will be created.
2019-06-24 09:07:13.126 DEBUG 40284 --- [    Test worker] o.s.security.web.FilterChainProxy        : /contacts at position 3 of 15 in additional filter chain; firing Filter: 'HeaderWriterFilter'
2019-06-24 09:07:13.126 DEBUG 40284 --- [    Test worker] o.s.security.web.FilterChainProxy        : /contacts at position 4 of 15 in additional filter chain; firing Filter: 'CsrfFilter'
2019-06-24 09:07:13.126 DEBUG 40284 --- [    Test worker] o.s.security.web.FilterChainProxy        : /contacts at position 5 of 15 in additional filter chain; firing Filter: 'LogoutFilter'
2019-06-24 09:07:13.126 DEBUG 40284 --- [    Test worker] o.s.s.w.u.matcher.AntPathRequestMatcher  : Request 'GET /contacts' doesn't match 'POST /logout'
2019-06-24 09:07:13.126 DEBUG 40284 --- [    Test worker] o.s.security.web.FilterChainProxy        : /contacts at position 6 of 15 in additional filter chain; firing Filter: 'UsernamePasswordAuthenticationFilter'
2019-06-24 09:07:13.126 DEBUG 40284 --- [    Test worker] o.s.s.w.u.matcher.AntPathRequestMatcher  : Request 'GET /contacts' doesn't match 'POST /login'
2019-06-24 09:07:13.127 DEBUG 40284 --- [    Test worker] o.s.security.web.FilterChainProxy        : /contacts at position 7 of 15 in additional filter chain; firing Filter: 'DefaultLoginPageGeneratingFilter'
2019-06-24 09:07:13.127 DEBUG 40284 --- [    Test worker] o.s.security.web.FilterChainProxy        : /contacts at position 8 of 15 in additional filter chain; firing Filter: 'DefaultLogoutPageGeneratingFilter'
2019-06-24 09:07:13.127 DEBUG 40284 --- [    Test worker] o.s.s.w.u.matcher.AntPathRequestMatcher  : Checking match of request : '/contacts'; against '/logout'
2019-06-24 09:07:13.127 DEBUG 40284 --- [    Test worker] o.s.security.web.FilterChainProxy        : /contacts at position 9 of 15 in additional filter chain; firing Filter: 'BasicAuthenticationFilter'
2019-06-24 09:07:13.128 DEBUG 40284 --- [    Test worker] o.s.security.web.FilterChainProxy        : /contacts at position 10 of 15 in additional filter chain; firing Filter: 'RequestCacheAwareFilter'
2019-06-24 09:07:13.128 DEBUG 40284 --- [    Test worker] o.s.s.w.s.HttpSessionRequestCache        : saved request doesn't match
2019-06-24 09:07:13.128 DEBUG 40284 --- [    Test worker] o.s.security.web.FilterChainProxy        : /contacts at position 11 of 15 in additional filter chain; firing Filter: 'SecurityContextHolderAwareRequestFilter'
2019-06-24 09:07:13.130 DEBUG 40284 --- [    Test worker] o.s.security.web.FilterChainProxy        : /contacts at position 12 of 15 in additional filter chain; firing Filter: 'AnonymousAuthenticationFilter'
2019-06-24 09:07:13.132 DEBUG 40284 --- [    Test worker] o.s.s.w.a.AnonymousAuthenticationFilter  : Populated SecurityContextHolder with anonymous token: 'org.springframework.security.authentication.AnonymousAuthenticationToken@12eae852: Principal: anonymousUser; Credentials: [PROTECTED]; Authenticated: true; Details: org.springframework.security.web.authentication.WebAuthenticationDetails@957e: RemoteIpAddress: 127.0.0.1; SessionId: null; Granted Authorities: ROLE_ANONYMOUS'
2019-06-24 09:07:13.132 DEBUG 40284 --- [    Test worker] o.s.security.web.FilterChainProxy        : /contacts at position 13 of 15 in additional filter chain; firing Filter: 'SessionManagementFilter'
2019-06-24 09:07:13.132 DEBUG 40284 --- [    Test worker] o.s.security.web.FilterChainProxy        : /contacts at position 14 of 15 in additional filter chain; firing Filter: 'ExceptionTranslationFilter'
2019-06-24 09:07:13.132 DEBUG 40284 --- [    Test worker] o.s.security.web.FilterChainProxy        : /contacts at position 15 of 15 in additional filter chain; firing Filter: 'FilterSecurityInterceptor'
2019-06-24 09:07:13.133 DEBUG 40284 --- [    Test worker] o.s.s.w.a.i.FilterSecurityInterceptor    : Secure object: FilterInvocation: URL: /contacts; Attributes: [authenticated]
2019-06-24 09:07:13.133 DEBUG 40284 --- [    Test worker] o.s.s.w.a.i.FilterSecurityInterceptor    : Previously Authenticated: org.springframework.security.authentication.AnonymousAuthenticationToken@12eae852: Principal: anonymousUser; Credentials: [PROTECTED]; Authenticated: true; Details: org.springframework.security.web.authentication.WebAuthenticationDetails@957e: RemoteIpAddress: 127.0.0.1; SessionId: null; Granted Authorities: ROLE_ANONYMOUS
2019-06-24 09:07:13.142 DEBUG 40284 --- [    Test worker] o.s.s.access.vote.AffirmativeBased       : Voter: org.springframework.security.web.access.expression.WebExpressionVoter@5cc27c8a, returned: -1
2019-06-24 09:07:13.146 DEBUG 40284 --- [    Test worker] o.s.s.w.a.ExceptionTranslationFilter     : Access is denied (user is anonymous); redirecting to authentication entry point

org.springframework.security.access.AccessDeniedException: Access is denied
	at org.springframework.security.access.vote.AffirmativeBased.decide(AffirmativeBased.java:84)
	at org.springframework.security.access.intercept.AbstractSecurityInterceptor.beforeInvocation(AbstractSecurityInterceptor.java:233)
	at org.springframework.security.web.access.intercept.FilterSecurityInterceptor.invoke(FilterSecurityInterceptor.java:124)
	at org.springframework.security.web.access.intercept.FilterSecurityInterceptor.doFilter(FilterSecurityInterceptor.java:91)
	at org.springframework.security.web.FilterChainProxy$VirtualFilterChain.doFilter(FilterChainProxy.java:334)
	at org.springframework.security.web.access.ExceptionTranslationFilter.doFilter(ExceptionTranslationFilter.java:119)
	at org.springframework.security.web.FilterChainProxy$VirtualFilterChain.doFilter(FilterChainProxy.java:334)
	at org.springframework.security.web.session.SessionManagementFilter.doFilter(SessionManagementFilter.java:137)
	at org.springframework.security.web.FilterChainProxy$VirtualFilterChain.doFilter(FilterChainProxy.java:334)
	at org.springframework.security.web.authentication.AnonymousAuthenticationFilter.doFilter(AnonymousAuthenticationFilter.java:111)
	at org.springframework.security.web.FilterChainProxy$VirtualFilterChain.doFilter(FilterChainProxy.java:334)
	at org.springframework.security.web.servletapi.SecurityContextHolderAwareRequestFilter.doFilter(SecurityContextHolderAwareRequestFilter.java:170)
	at org.springframework.security.web.FilterChainProxy$VirtualFilterChain.doFilter(FilterChainProxy.java:334)
	at org.springframework.security.web.savedrequest.RequestCacheAwareFilter.doFilter(RequestCacheAwareFilter.java:63)
	at org.springframework.security.web.FilterChainProxy$VirtualFilterChain.doFilter(FilterChainProxy.java:334)
	at org.springframework.security.web.authentication.www.BasicAuthenticationFilter.doFilterInternal(BasicAuthenticationFilter.java:158)
	at org.springframework.web.filter.OncePerRequestFilter.doFilter(OncePerRequestFilter.java:107)
	at org.springframework.security.web.FilterChainProxy$VirtualFilterChain.doFilter(FilterChainProxy.java:334)
	at org.springframework.security.web.authentication.ui.DefaultLogoutPageGeneratingFilter.doFilterInternal(DefaultLogoutPageGeneratingFilter.java:52)
	at org.springframework.web.filter.OncePerRequestFilter.doFilter(OncePerRequestFilter.java:107)
	at org.springframework.security.web.FilterChainProxy$VirtualFilterChain.doFilter(FilterChainProxy.java:334)
	at org.springframework.security.web.authentication.ui.DefaultLoginPageGeneratingFilter.doFilter(DefaultLoginPageGeneratingFilter.java:206)
	at org.springframework.security.web.FilterChainProxy$VirtualFilterChain.doFilter(FilterChainProxy.java:334)
	at org.springframework.security.web.authentication.AbstractAuthenticationProcessingFilter.doFilter(AbstractAuthenticationProcessingFilter.java:200)
	at org.springframework.security.web.FilterChainProxy$VirtualFilterChain.doFilter(FilterChainProxy.java:334)
	at org.springframework.security.web.authentication.logout.LogoutFilter.doFilter(LogoutFilter.java:116)
	at org.springframework.security.web.FilterChainProxy$VirtualFilterChain.doFilter(FilterChainProxy.java:334)
	at org.springframework.security.web.csrf.CsrfFilter.doFilterInternal(CsrfFilter.java:100)
	at org.springframework.web.filter.OncePerRequestFilter.doFilter(OncePerRequestFilter.java:107)
	at org.springframework.security.web.FilterChainProxy$VirtualFilterChain.doFilter(FilterChainProxy.java:334)
	at org.springframework.security.web.header.HeaderWriterFilter.doFilterInternal(HeaderWriterFilter.java:74)
	at org.springframework.web.filter.OncePerRequestFilter.doFilter(OncePerRequestFilter.java:107)
	at org.springframework.security.web.FilterChainProxy$VirtualFilterChain.doFilter(FilterChainProxy.java:334)
	at org.springframework.security.web.context.SecurityContextPersistenceFilter.doFilter(SecurityContextPersistenceFilter.java:105)
	at org.springframework.security.web.FilterChainProxy$VirtualFilterChain.doFilter(FilterChainProxy.java:334)
	at org.springframework.security.web.context.request.async.WebAsyncManagerIntegrationFilter.doFilterInternal(WebAsyncManagerIntegrationFilter.java:56)
	at org.springframework.web.filter.OncePerRequestFilter.doFilter(OncePerRequestFilter.java:107)
	at org.springframework.security.web.FilterChainProxy$VirtualFilterChain.doFilter(FilterChainProxy.java:334)
	at org.springframework.security.web.FilterChainProxy.doFilterInternal(FilterChainProxy.java:215)
	at org.springframework.security.web.FilterChainProxy.doFilter(FilterChainProxy.java:178)
	at org.springframework.mock.web.MockFilterChain.doFilter(MockFilterChain.java:133)
	at org.springframework.web.filter.RequestContextFilter.doFilterInternal(RequestContextFilter.java:99)
	at org.springframework.web.filter.OncePerRequestFilter.doFilter(OncePerRequestFilter.java:107)
	at org.springframework.mock.web.MockFilterChain.doFilter(MockFilterChain.java:133)
	at org.springframework.web.filter.FormContentFilter.doFilterInternal(FormContentFilter.java:92)
	at org.springframework.web.filter.OncePerRequestFilter.doFilter(OncePerRequestFilter.java:107)
	at org.springframework.mock.web.MockFilterChain.doFilter(MockFilterChain.java:133)
	at org.springframework.web.filter.HiddenHttpMethodFilter.doFilterInternal(HiddenHttpMethodFilter.java:93)
	at org.springframework.web.filter.OncePerRequestFilter.doFilter(OncePerRequestFilter.java:107)
	at org.springframework.mock.web.MockFilterChain.doFilter(MockFilterChain.java:133)
	at org.springframework.test.web.servlet.MockMvc.perform(MockMvc.java:182)
	at atc.chassis.api.controller.ContactRestControllerTest.Test GET Contacts(ContactRestControllerTest.kt:38)
	at sun.reflect.NativeMethodAccessorImpl.invoke0(Native Method)
	at sun.reflect.NativeMethodAccessorImpl.invoke(NativeMethodAccessorImpl.java:62)
	at sun.reflect.DelegatingMethodAccessorImpl.invoke(DelegatingMethodAccessorImpl.java:43)
	at java.lang.reflect.Method.invoke(Method.java:498)
	at org.junit.platform.commons.util.ReflectionUtils.invokeMethod(ReflectionUtils.java:532)
	at org.junit.jupiter.engine.execution.ExecutableInvoker.invoke(ExecutableInvoker.java:115)
	at org.junit.jupiter.engine.descriptor.TestMethodTestDescriptor.lambda$invokeTestMethod$6(TestMethodTestDescriptor.java:171)
	at org.junit.platform.engine.support.hierarchical.ThrowableCollector.execute(ThrowableCollector.java:72)
	at org.junit.jupiter.engine.descriptor.TestMethodTestDescriptor.invokeTestMethod(TestMethodTestDescriptor.java:167)
	at org.junit.jupiter.engine.descriptor.TestMethodTestDescriptor.execute(TestMethodTestDescriptor.java:114)
	at org.junit.jupiter.engine.descriptor.TestMethodTestDescriptor.execute(TestMethodTestDescriptor.java:59)
	at org.junit.platform.engine.support.hierarchical.NodeTestTask.lambda$executeRecursively$4(NodeTestTask.java:108)
	at org.junit.platform.engine.support.hierarchical.ThrowableCollector.execute(ThrowableCollector.java:72)
	at org.junit.platform.engine.support.hierarchical.NodeTestTask.executeRecursively(NodeTestTask.java:98)
	at org.junit.platform.engine.support.hierarchical.NodeTestTask.execute(NodeTestTask.java:74)
	at java.util.ArrayList.forEach(ArrayList.java:1257)
	at org.junit.platform.engine.support.hierarchical.SameThreadHierarchicalTestExecutorService.invokeAll(SameThreadHierarchicalTestExecutorService.java:38)
	at org.junit.platform.engine.support.hierarchical.NodeTestTask.lambda$executeRecursively$4(NodeTestTask.java:112)
	at org.junit.platform.engine.support.hierarchical.ThrowableCollector.execute(ThrowableCollector.java:72)
	at org.junit.platform.engine.support.hierarchical.NodeTestTask.executeRecursively(NodeTestTask.java:98)
	at org.junit.platform.engine.support.hierarchical.NodeTestTask.execute(NodeTestTask.java:74)
	at java.util.ArrayList.forEach(ArrayList.java:1257)
	at org.junit.platform.engine.support.hierarchical.SameThreadHierarchicalTestExecutorService.invokeAll(SameThreadHierarchicalTestExecutorService.java:38)
	at org.junit.platform.engine.support.hierarchical.NodeTestTask.lambda$executeRecursively$4(NodeTestTask.java:112)
	at org.junit.platform.engine.support.hierarchical.ThrowableCollector.execute(ThrowableCollector.java:72)
	at org.junit.platform.engine.support.hierarchical.NodeTestTask.executeRecursively(NodeTestTask.java:98)
	at org.junit.platform.engine.support.hierarchical.NodeTestTask.execute(NodeTestTask.java:74)
	at org.junit.platform.engine.support.hierarchical.SameThreadHierarchicalTestExecutorService.submit(SameThreadHierarchicalTestExecutorService.java:32)
	at org.junit.platform.engine.support.hierarchical.HierarchicalTestExecutor.execute(HierarchicalTestExecutor.java:57)
	at org.junit.platform.engine.support.hierarchical.HierarchicalTestEngine.execute(HierarchicalTestEngine.java:51)
	at org.junit.platform.launcher.core.DefaultLauncher.execute(DefaultLauncher.java:220)
	at org.junit.platform.launcher.core.DefaultLauncher.lambda$execute$6(DefaultLauncher.java:188)
	at org.junit.platform.launcher.core.DefaultLauncher.withInterceptedStreams(DefaultLauncher.java:202)
	at org.junit.platform.launcher.core.DefaultLauncher.execute(DefaultLauncher.java:181)
	at org.junit.platform.launcher.core.DefaultLauncher.execute(DefaultLauncher.java:128)
	at org.gradle.api.internal.tasks.testing.junitplatform.JUnitPlatformTestClassProcessor$CollectAllTestClassesExecutor.processAllTestClasses(JUnitPlatformTestClassProcessor.java:102)
	at org.gradle.api.internal.tasks.testing.junitplatform.JUnitPlatformTestClassProcessor$CollectAllTestClassesExecutor.access$000(JUnitPlatformTestClassProcessor.java:82)
	at org.gradle.api.internal.tasks.testing.junitplatform.JUnitPlatformTestClassProcessor.stop(JUnitPlatformTestClassProcessor.java:78)
	at org.gradle.api.internal.tasks.testing.SuiteTestClassProcessor.stop(SuiteTestClassProcessor.java:61)
	at sun.reflect.NativeMethodAccessorImpl.invoke0(Native Method)
	at sun.reflect.NativeMethodAccessorImpl.invoke(NativeMethodAccessorImpl.java:62)
	at sun.reflect.DelegatingMethodAccessorImpl.invoke(DelegatingMethodAccessorImpl.java:43)
	at java.lang.reflect.Method.invoke(Method.java:498)
	at org.gradle.internal.dispatch.ReflectionDispatch.dispatch(ReflectionDispatch.java:35)
	at org.gradle.internal.dispatch.ReflectionDispatch.dispatch(ReflectionDispatch.java:24)
	at org.gradle.internal.dispatch.ContextClassLoaderDispatch.dispatch(ContextClassLoaderDispatch.java:32)
	at org.gradle.internal.dispatch.ProxyDispatchAdapter$DispatchingInvocationHandler.invoke(ProxyDispatchAdapter.java:93)
	at com.sun.proxy.$Proxy2.stop(Unknown Source)
	at org.gradle.api.internal.tasks.testing.worker.TestWorker.stop(TestWorker.java:132)
	at sun.reflect.NativeMethodAccessorImpl.invoke0(Native Method)
	at sun.reflect.NativeMethodAccessorImpl.invoke(NativeMethodAccessorImpl.java:62)
	at sun.reflect.DelegatingMethodAccessorImpl.invoke(DelegatingMethodAccessorImpl.java:43)
	at java.lang.reflect.Method.invoke(Method.java:498)
	at org.gradle.internal.dispatch.ReflectionDispatch.dispatch(ReflectionDispatch.java:35)
	at org.gradle.internal.dispatch.ReflectionDispatch.dispatch(ReflectionDispatch.java:24)
	at org.gradle.internal.remote.internal.hub.MessageHubBackedObjectConnection$DispatchWrapper.dispatch(MessageHubBackedObjectConnection.java:175)
	at org.gradle.internal.remote.internal.hub.MessageHubBackedObjectConnection$DispatchWrapper.dispatch(MessageHubBackedObjectConnection.java:157)
	at org.gradle.internal.remote.internal.hub.MessageHub$Handler.run(MessageHub.java:404)
	at org.gradle.internal.concurrent.ExecutorPolicy$CatchAndRecordFailures.onExecute(ExecutorPolicy.java:63)
	at org.gradle.internal.concurrent.ManagedExecutorImpl$1.run(ManagedExecutorImpl.java:46)
	at java.util.concurrent.ThreadPoolExecutor.runWorker(ThreadPoolExecutor.java:1149)
	at java.util.concurrent.ThreadPoolExecutor$Worker.run(ThreadPoolExecutor.java:624)
	at org.gradle.internal.concurrent.ThreadFactoryImpl$ManagedThreadRunnable.run(ThreadFactoryImpl.java:55)
	at java.lang.Thread.run(Thread.java:748)

2019-06-24 09:07:13.154 DEBUG 40284 --- [    Test worker] o.s.s.w.util.matcher.AndRequestMatcher   : Trying to match using Ant [pattern='/**', GET]
2019-06-24 09:07:13.154 DEBUG 40284 --- [    Test worker] o.s.s.w.u.matcher.AntPathRequestMatcher  : Request '/contacts' matched by universal pattern '/**'
2019-06-24 09:07:13.154 DEBUG 40284 --- [    Test worker] o.s.s.w.util.matcher.AndRequestMatcher   : Trying to match using NegatedRequestMatcher [requestMatcher=Ant [pattern='/**/favicon.*']]
2019-06-24 09:07:13.155 DEBUG 40284 --- [    Test worker] o.s.s.w.u.matcher.AntPathRequestMatcher  : Checking match of request : '/contacts'; against '/**/favicon.*'
2019-06-24 09:07:13.155 DEBUG 40284 --- [    Test worker] o.s.s.w.u.matcher.NegatedRequestMatcher  : matches = true
2019-06-24 09:07:13.155 DEBUG 40284 --- [    Test worker] o.s.s.w.util.matcher.AndRequestMatcher   : Trying to match using NegatedRequestMatcher [requestMatcher=MediaTypeRequestMatcher [contentNegotiationStrategy=org.springframework.web.accept.ContentNegotiationManager@425d74e2, matchingMediaTypes=[application/json], useEquals=false, ignoredMediaTypes=[*/*]]]
2019-06-24 09:07:13.157 DEBUG 40284 --- [    Test worker] o.s.s.w.u.m.MediaTypeRequestMatcher      : httpRequestMediaTypes=[application/json]
2019-06-24 09:07:13.157 DEBUG 40284 --- [    Test worker] o.s.s.w.u.m.MediaTypeRequestMatcher      : Processing application/json
2019-06-24 09:07:13.157 DEBUG 40284 --- [    Test worker] o.s.s.w.u.m.MediaTypeRequestMatcher      : application/json .isCompatibleWith application/json = true
2019-06-24 09:07:13.157 DEBUG 40284 --- [    Test worker] o.s.s.w.u.matcher.NegatedRequestMatcher  : matches = false
2019-06-24 09:07:13.157 DEBUG 40284 --- [    Test worker] o.s.s.w.util.matcher.AndRequestMatcher   : Did not match
2019-06-24 09:07:13.157 DEBUG 40284 --- [    Test worker] o.s.s.w.s.HttpSessionRequestCache        : Request not saved as configured RequestMatcher did not match
2019-06-24 09:07:13.158 DEBUG 40284 --- [    Test worker] o.s.s.w.a.ExceptionTranslationFilter     : Calling Authentication entry point.
2019-06-24 09:07:13.158 DEBUG 40284 --- [    Test worker] s.w.a.DelegatingAuthenticationEntryPoint : Trying to match using AndRequestMatcher [requestMatchers=[NegatedRequestMatcher [requestMatcher=RequestHeaderRequestMatcher [expectedHeaderName=X-Requested-With, expectedHeaderValue=XMLHttpRequest]], MediaTypeRequestMatcher [contentNegotiationStrategy=org.springframework.web.accept.ContentNegotiationManager@425d74e2, matchingMediaTypes=[application/xhtml+xml, image/*, text/html, text/plain], useEquals=false, ignoredMediaTypes=[*/*]]]]
2019-06-24 09:07:13.158 DEBUG 40284 --- [    Test worker] o.s.s.w.util.matcher.AndRequestMatcher   : Trying to match using NegatedRequestMatcher [requestMatcher=RequestHeaderRequestMatcher [expectedHeaderName=X-Requested-With, expectedHeaderValue=XMLHttpRequest]]
2019-06-24 09:07:13.158 DEBUG 40284 --- [    Test worker] o.s.s.w.u.matcher.NegatedRequestMatcher  : matches = true
2019-06-24 09:07:13.158 DEBUG 40284 --- [    Test worker] o.s.s.w.util.matcher.AndRequestMatcher   : Trying to match using MediaTypeRequestMatcher [contentNegotiationStrategy=org.springframework.web.accept.ContentNegotiationManager@425d74e2, matchingMediaTypes=[application/xhtml+xml, image/*, text/html, text/plain], useEquals=false, ignoredMediaTypes=[*/*]]
2019-06-24 09:07:13.159 DEBUG 40284 --- [    Test worker] o.s.s.w.u.m.MediaTypeRequestMatcher      : httpRequestMediaTypes=[application/json]
2019-06-24 09:07:13.159 DEBUG 40284 --- [    Test worker] o.s.s.w.u.m.MediaTypeRequestMatcher      : Processing application/json
2019-06-24 09:07:13.159 DEBUG 40284 --- [    Test worker] o.s.s.w.u.m.MediaTypeRequestMatcher      : application/xhtml+xml .isCompatibleWith application/json = false
2019-06-24 09:07:13.159 DEBUG 40284 --- [    Test worker] o.s.s.w.u.m.MediaTypeRequestMatcher      : image/* .isCompatibleWith application/json = false
2019-06-24 09:07:13.159 DEBUG 40284 --- [    Test worker] o.s.s.w.u.m.MediaTypeRequestMatcher      : text/html .isCompatibleWith application/json = false
2019-06-24 09:07:13.159 DEBUG 40284 --- [    Test worker] o.s.s.w.u.m.MediaTypeRequestMatcher      : text/plain .isCompatibleWith application/json = false
2019-06-24 09:07:13.159 DEBUG 40284 --- [    Test worker] o.s.s.w.u.m.MediaTypeRequestMatcher      : Did not match any media types
2019-06-24 09:07:13.160 DEBUG 40284 --- [    Test worker] o.s.s.w.util.matcher.AndRequestMatcher   : Did not match
2019-06-24 09:07:13.160 DEBUG 40284 --- [    Test worker] s.w.a.DelegatingAuthenticationEntryPoint : Trying to match using OrRequestMatcher [requestMatchers=[RequestHeaderRequestMatcher [expectedHeaderName=X-Requested-With, expectedHeaderValue=XMLHttpRequest], AndRequestMatcher [requestMatchers=[NegatedRequestMatcher [requestMatcher=MediaTypeRequestMatcher [contentNegotiationStrategy=org.springframework.web.accept.ContentNegotiationManager@425d74e2, matchingMediaTypes=[text/html], useEquals=false, ignoredMediaTypes=[]]], MediaTypeRequestMatcher [contentNegotiationStrategy=org.springframework.web.accept.ContentNegotiationManager@425d74e2, matchingMediaTypes=[application/atom+xml, application/x-www-form-urlencoded, application/json, application/octet-stream, application/xml, multipart/form-data, text/xml], useEquals=false, ignoredMediaTypes=[*/*]]]], MediaTypeRequestMatcher [contentNegotiationStrategy=org.springframework.web.accept.ContentNegotiationManager@425d74e2, matchingMediaTypes=[*/*], useEquals=true, ignoredMediaTypes=[]]]]
2019-06-24 09:07:13.160 DEBUG 40284 --- [    Test worker] o.s.s.web.util.matcher.OrRequestMatcher  : Trying to match using RequestHeaderRequestMatcher [expectedHeaderName=X-Requested-With, expectedHeaderValue=XMLHttpRequest]
2019-06-24 09:07:13.160 DEBUG 40284 --- [    Test worker] o.s.s.web.util.matcher.OrRequestMatcher  : Trying to match using AndRequestMatcher [requestMatchers=[NegatedRequestMatcher [requestMatcher=MediaTypeRequestMatcher [contentNegotiationStrategy=org.springframework.web.accept.ContentNegotiationManager@425d74e2, matchingMediaTypes=[text/html], useEquals=false, ignoredMediaTypes=[]]], MediaTypeRequestMatcher [contentNegotiationStrategy=org.springframework.web.accept.ContentNegotiationManager@425d74e2, matchingMediaTypes=[application/atom+xml, application/x-www-form-urlencoded, application/json, application/octet-stream, application/xml, multipart/form-data, text/xml], useEquals=false, ignoredMediaTypes=[*/*]]]]
2019-06-24 09:07:13.160 DEBUG 40284 --- [    Test worker] o.s.s.w.util.matcher.AndRequestMatcher   : Trying to match using NegatedRequestMatcher [requestMatcher=MediaTypeRequestMatcher [contentNegotiationStrategy=org.springframework.web.accept.ContentNegotiationManager@425d74e2, matchingMediaTypes=[text/html], useEquals=false, ignoredMediaTypes=[]]]
2019-06-24 09:07:13.160 DEBUG 40284 --- [    Test worker] o.s.s.w.u.m.MediaTypeRequestMatcher      : httpRequestMediaTypes=[application/json]
2019-06-24 09:07:13.161 DEBUG 40284 --- [    Test worker] o.s.s.w.u.m.MediaTypeRequestMatcher      : Processing application/json
2019-06-24 09:07:13.161 DEBUG 40284 --- [    Test worker] o.s.s.w.u.m.MediaTypeRequestMatcher      : text/html .isCompatibleWith application/json = false
2019-06-24 09:07:13.161 DEBUG 40284 --- [    Test worker] o.s.s.w.u.m.MediaTypeRequestMatcher      : Did not match any media types
2019-06-24 09:07:13.161 DEBUG 40284 --- [    Test worker] o.s.s.w.u.matcher.NegatedRequestMatcher  : matches = true
2019-06-24 09:07:13.161 DEBUG 40284 --- [    Test worker] o.s.s.w.util.matcher.AndRequestMatcher   : Trying to match using MediaTypeRequestMatcher [contentNegotiationStrategy=org.springframework.web.accept.ContentNegotiationManager@425d74e2, matchingMediaTypes=[application/atom+xml, application/x-www-form-urlencoded, application/json, application/octet-stream, application/xml, multipart/form-data, text/xml], useEquals=false, ignoredMediaTypes=[*/*]]
2019-06-24 09:07:13.161 DEBUG 40284 --- [    Test worker] o.s.s.w.u.m.MediaTypeRequestMatcher      : httpRequestMediaTypes=[application/json]
2019-06-24 09:07:13.161 DEBUG 40284 --- [    Test worker] o.s.s.w.u.m.MediaTypeRequestMatcher      : Processing application/json
2019-06-24 09:07:13.162 DEBUG 40284 --- [    Test worker] o.s.s.w.u.m.MediaTypeRequestMatcher      : application/atom+xml .isCompatibleWith application/json = false
2019-06-24 09:07:13.162 DEBUG 40284 --- [    Test worker] o.s.s.w.u.m.MediaTypeRequestMatcher      : application/x-www-form-urlencoded .isCompatibleWith application/json = false
2019-06-24 09:07:13.162 DEBUG 40284 --- [    Test worker] o.s.s.w.u.m.MediaTypeRequestMatcher      : application/json .isCompatibleWith application/json = true
2019-06-24 09:07:13.162 DEBUG 40284 --- [    Test worker] o.s.s.w.util.matcher.AndRequestMatcher   : All requestMatchers returned true
2019-06-24 09:07:13.162 DEBUG 40284 --- [    Test worker] o.s.s.web.util.matcher.OrRequestMatcher  : matched
2019-06-24 09:07:13.162 DEBUG 40284 --- [    Test worker] s.w.a.DelegatingAuthenticationEntryPoint : Match found! Executing org.springframework.security.web.authentication.DelegatingAuthenticationEntryPoint@53a6e3c2
2019-06-24 09:07:13.162 DEBUG 40284 --- [    Test worker] s.w.a.DelegatingAuthenticationEntryPoint : Trying to match using RequestHeaderRequestMatcher [expectedHeaderName=X-Requested-With, expectedHeaderValue=XMLHttpRequest]
2019-06-24 09:07:13.163 DEBUG 40284 --- [    Test worker] s.w.a.DelegatingAuthenticationEntryPoint : No match found. Using default entry point org.springframework.security.web.authentication.www.BasicAuthenticationEntryPoint@2938d015
2019-06-24 09:07:13.163 DEBUG 40284 --- [    Test worker] o.s.s.w.header.writers.HstsHeaderWriter  : Not injecting HSTS header since it did not match the requestMatcher org.springframework.security.web.header.writers.HstsHeaderWriter$SecureRequestMatcher@155c6618
2019-06-24 09:07:13.163 DEBUG 40284 --- [    Test worker] w.c.HttpSessionSecurityContextRepository : SecurityContext is empty or contents are anonymous - context will not be stored in HttpSession.
2019-06-24 09:07:13.163 DEBUG 40284 --- [    Test worker] s.s.w.c.SecurityContextPersistenceFilter : SecurityContextHolder now cleared, as request processing completed

MockHttpServletRequest:
      HTTP Method = POST
      Request URI = /contacts
       Parameters = {}
          Headers = [Content-Type:&quot;application/json;charset=UTF-8&quot;, Accept:&quot;application/json;charset=UTF-8&quot;]
             Body = {&quot;id&quot;:null,&quot;name&quot;:&quot;testcontact1&quot;,&quot;email&quot;:&quot;testcontact1@email.com&quot;,&quot;phone&quot;:&quot;555-555-5555&quot;,&quot;createdDate&quot;:null,&quot;lastModifiedDate&quot;:null}
    Session Attrs = {org.springframework.security.web.csrf.HttpSessionCsrfTokenRepository.CSRF_TOKEN=org.springframework.security.web.csrf.DefaultCsrfToken@2d34954b}

Handler:
             Type = null

Async:
    Async started = false
     Async result = null

Resolved Exception:
             Type = null

ModelAndView:
        View name = null
             View = null
            Model = null

FlashMap:
       Attributes = null

MockHttpServletResponse:
           Status = 403
    Error message = Forbidden
          Headers = [X-Content-Type-Options:&quot;nosniff&quot;, X-XSS-Protection:&quot;1; mode=block&quot;, Cache-Control:&quot;no-cache, no-store, max-age=0, must-revalidate&quot;, Pragma:&quot;no-cache&quot;, Expires:&quot;0&quot;, X-Frame-Options:&quot;DENY&quot;]
     Content type = null
             Body = 
    Forwarded URL = null
   Redirected URL = null
          Cookies = []

MockHttpServletRequest:
      HTTP Method = GET
      Request URI = /contacts
       Parameters = {}
          Headers = [Accept:&quot;application/json&quot;]
             Body = &lt;no character encoding set&gt;
    Session Attrs = {}

Handler:
             Type = null

Async:
    Async started = false
     Async result = null

Resolved Exception:
             Type = null

ModelAndView:
        View name = null
             View = null
            Model = null

FlashMap:
       Attributes = null

MockHttpServletResponse:
           Status = 401
    Error message = Unauthorized
          Headers = [WWW-Authenticate:&quot;Basic realm=&quot;Realm&quot;&quot;, X-Content-Type-Options:&quot;nosniff&quot;, X-XSS-Protection:&quot;1; mode=block&quot;, Cache-Control:&quot;no-cache, no-store, max-age=0, must-revalidate&quot;, Pragma:&quot;no-cache&quot;, Expires:&quot;0&quot;, X-Frame-Options:&quot;DENY&quot;]
     Content type = null
             Body = 
    Forwarded URL = null
   Redirected URL = null
          Cookies = []
</pre>
</span>
</div>
</div>
<div id="footer">
<p>
<div>
<label class="hidden" id="label-for-line-wrapping-toggle" for="line-wrapping-toggle">Wrap lines
<input id="line-wrapping-toggle" type="checkbox" autocomplete="off"/>
</label>
</div>Generated by 
<a href="http://www.gradle.org">Gradle 5.3.1</a> at Jun 24, 2019 9:07:34 AM</p>
</div>
</div>
</body>
</html>
